
*** Running vivado
    with args -log main.vds -m64 -product Vivado -mode batch -messageDb vivado.pb -notrace -source main.tcl


****** Vivado v2017.4 (64-bit)
  **** SW Build 2086221 on Fri Dec 15 20:55:39 MST 2017
  **** IP Build 2085800 on Fri Dec 15 22:25:07 MST 2017
    ** Copyright 1986-2017 Xilinx, Inc. All Rights Reserved.

source main.tcl -notrace
Command: synth_design -top main -part xc7a100tfgg484-1
Starting synth_design
Attempting to get a license for feature 'Synthesis' and/or device 'xc7a100t'
INFO: [Common 17-349] Got license for feature 'Synthesis' and/or device 'xc7a100t'
INFO: Launching helper process for spawning children vivado processes
INFO: Helper process launched with PID 2680 
---------------------------------------------------------------------------------
Starting RTL Elaboration : Time (s): cpu = 00:00:06 ; elapsed = 00:00:08 . Memory (MB): peak = 343.371 ; gain = 101.988
---------------------------------------------------------------------------------
INFO: [Synth 8-638] synthesizing module 'main' [D:/DigitalDesign/top_test/top/top.srcs/sources_1/new/main.v:23]
INFO: [Synth 8-638] synthesizing module 'cpuclk' [d:/DigitalDesign/top_test/top/top.srcs/sources_1/ip/cpuclk/cpuclk.v:70]
INFO: [Synth 8-638] synthesizing module 'cpuclk_clk_wiz' [d:/DigitalDesign/top_test/top/top.srcs/sources_1/ip/cpuclk/cpuclk_clk_wiz.v:68]
INFO: [Synth 8-638] synthesizing module 'IBUF' [D:/Vivado/2017.4/scripts/rt/data/unisim_comp.v:19468]
	Parameter CAPACITANCE bound to: DONT_CARE - type: string 
	Parameter IBUF_DELAY_VALUE bound to: 0 - type: string 
	Parameter IBUF_LOW_PWR bound to: TRUE - type: string 
	Parameter IFD_DELAY_VALUE bound to: AUTO - type: string 
	Parameter IOSTANDARD bound to: DEFAULT - type: string 
INFO: [Synth 8-256] done synthesizing module 'IBUF' (1#1) [D:/Vivado/2017.4/scripts/rt/data/unisim_comp.v:19468]
INFO: [Synth 8-638] synthesizing module 'MMCME2_ADV' [D:/Vivado/2017.4/scripts/rt/data/unisim_comp.v:25757]
	Parameter BANDWIDTH bound to: OPTIMIZED - type: string 
	Parameter CLKFBOUT_MULT_F bound to: 20.125000 - type: float 
	Parameter CLKFBOUT_PHASE bound to: 0.000000 - type: float 
	Parameter CLKFBOUT_USE_FINE_PS bound to: FALSE - type: string 
	Parameter CLKIN1_PERIOD bound to: 10.000000 - type: float 
	Parameter CLKIN2_PERIOD bound to: 0.000000 - type: float 
	Parameter CLKOUT0_DIVIDE_F bound to: 43.750000 - type: float 
	Parameter CLKOUT0_DUTY_CYCLE bound to: 0.500000 - type: float 
	Parameter CLKOUT0_PHASE bound to: 0.000000 - type: float 
	Parameter CLKOUT0_USE_FINE_PS bound to: FALSE - type: string 
	Parameter CLKOUT1_DIVIDE bound to: 1 - type: integer 
	Parameter CLKOUT1_DUTY_CYCLE bound to: 0.500000 - type: float 
	Parameter CLKOUT1_PHASE bound to: 0.000000 - type: float 
	Parameter CLKOUT1_USE_FINE_PS bound to: FALSE - type: string 
	Parameter CLKOUT2_DIVIDE bound to: 1 - type: integer 
	Parameter CLKOUT2_DUTY_CYCLE bound to: 0.500000 - type: float 
	Parameter CLKOUT2_PHASE bound to: 0.000000 - type: float 
	Parameter CLKOUT2_USE_FINE_PS bound to: FALSE - type: string 
	Parameter CLKOUT3_DIVIDE bound to: 1 - type: integer 
	Parameter CLKOUT3_DUTY_CYCLE bound to: 0.500000 - type: float 
	Parameter CLKOUT3_PHASE bound to: 0.000000 - type: float 
	Parameter CLKOUT3_USE_FINE_PS bound to: FALSE - type: string 
	Parameter CLKOUT4_CASCADE bound to: FALSE - type: string 
	Parameter CLKOUT4_DIVIDE bound to: 1 - type: integer 
	Parameter CLKOUT4_DUTY_CYCLE bound to: 0.500000 - type: float 
	Parameter CLKOUT4_PHASE bound to: 0.000000 - type: float 
	Parameter CLKOUT4_USE_FINE_PS bound to: FALSE - type: string 
	Parameter CLKOUT5_DIVIDE bound to: 1 - type: integer 
	Parameter CLKOUT5_DUTY_CYCLE bound to: 0.500000 - type: float 
	Parameter CLKOUT5_PHASE bound to: 0.000000 - type: float 
	Parameter CLKOUT5_USE_FINE_PS bound to: FALSE - type: string 
	Parameter CLKOUT6_DIVIDE bound to: 1 - type: integer 
	Parameter CLKOUT6_DUTY_CYCLE bound to: 0.500000 - type: float 
	Parameter CLKOUT6_PHASE bound to: 0.000000 - type: float 
	Parameter CLKOUT6_USE_FINE_PS bound to: FALSE - type: string 
	Parameter COMPENSATION bound to: ZHOLD - type: string 
	Parameter DIVCLK_DIVIDE bound to: 2 - type: integer 
	Parameter IS_CLKINSEL_INVERTED bound to: 1'b0 
	Parameter IS_PSEN_INVERTED bound to: 1'b0 
	Parameter IS_PSINCDEC_INVERTED bound to: 1'b0 
	Parameter IS_PWRDWN_INVERTED bound to: 1'b0 
	Parameter IS_RST_INVERTED bound to: 1'b0 
	Parameter REF_JITTER1 bound to: 0.010000 - type: float 
	Parameter REF_JITTER2 bound to: 0.010000 - type: float 
	Parameter SS_EN bound to: FALSE - type: string 
	Parameter SS_MODE bound to: CENTER_HIGH - type: string 
	Parameter SS_MOD_PERIOD bound to: 10000 - type: integer 
	Parameter STARTUP_WAIT bound to: FALSE - type: string 
INFO: [Synth 8-256] done synthesizing module 'MMCME2_ADV' (2#1) [D:/Vivado/2017.4/scripts/rt/data/unisim_comp.v:25757]
INFO: [Synth 8-638] synthesizing module 'BUFG' [D:/Vivado/2017.4/scripts/rt/data/unisim_comp.v:607]
INFO: [Synth 8-256] done synthesizing module 'BUFG' (3#1) [D:/Vivado/2017.4/scripts/rt/data/unisim_comp.v:607]
INFO: [Synth 8-256] done synthesizing module 'cpuclk_clk_wiz' (4#1) [d:/DigitalDesign/top_test/top/top.srcs/sources_1/ip/cpuclk/cpuclk_clk_wiz.v:68]
INFO: [Synth 8-256] done synthesizing module 'cpuclk' (5#1) [d:/DigitalDesign/top_test/top/top.srcs/sources_1/ip/cpuclk/cpuclk.v:70]
INFO: [Synth 8-638] synthesizing module 'Executs32' [D:/DigitalDesign/top_test/top/top.srcs/sources_1/new/Executs32.v:23]
INFO: [Synth 8-226] default block is never used [D:/DigitalDesign/top_test/top/top.srcs/sources_1/new/Executs32.v:70]
INFO: [Synth 8-256] done synthesizing module 'Executs32' (6#1) [D:/DigitalDesign/top_test/top/top.srcs/sources_1/new/Executs32.v:23]
INFO: [Synth 8-638] synthesizing module 'Idecode32' [D:/DigitalDesign/top_test/top/top.srcs/sources_1/new/Idecoder32.v:23]
INFO: [Synth 8-256] done synthesizing module 'Idecode32' (7#1) [D:/DigitalDesign/top_test/top/top.srcs/sources_1/new/Idecoder32.v:23]
INFO: [Synth 8-638] synthesizing module 'Ifetc32' [D:/DigitalDesign/top_test/top/top.srcs/sources_1/new/IFetc32.v:23]
INFO: [Synth 8-638] synthesizing module 'prgrom' [d:/DigitalDesign/top_test/top/top.srcs/sources_1/ip/prgrom/synth/prgrom.vhd:67]
	Parameter C_FAMILY bound to: artix7 - type: string 
	Parameter C_XDEVICEFAMILY bound to: artix7 - type: string 
	Parameter C_ELABORATION_DIR bound to: ./ - type: string 
	Parameter C_INTERFACE_TYPE bound to: 0 - type: integer 
	Parameter C_AXI_TYPE bound to: 1 - type: integer 
	Parameter C_AXI_SLAVE_TYPE bound to: 0 - type: integer 
	Parameter C_USE_BRAM_BLOCK bound to: 0 - type: integer 
	Parameter C_ENABLE_32BIT_ADDRESS bound to: 0 - type: integer 
	Parameter C_CTRL_ECC_ALGO bound to: NONE - type: string 
	Parameter C_HAS_AXI_ID bound to: 0 - type: integer 
	Parameter C_AXI_ID_WIDTH bound to: 4 - type: integer 
	Parameter C_MEM_TYPE bound to: 3 - type: integer 
	Parameter C_BYTE_SIZE bound to: 9 - type: integer 
	Parameter C_ALGORITHM bound to: 1 - type: integer 
	Parameter C_PRIM_TYPE bound to: 1 - type: integer 
	Parameter C_LOAD_INIT_FILE bound to: 1 - type: integer 
	Parameter C_INIT_FILE_NAME bound to: prgrom.mif - type: string 
	Parameter C_INIT_FILE bound to: prgrom.mem - type: string 
	Parameter C_USE_DEFAULT_DATA bound to: 0 - type: integer 
	Parameter C_DEFAULT_DATA bound to: 0 - type: string 
	Parameter C_HAS_RSTA bound to: 0 - type: integer 
	Parameter C_RST_PRIORITY_A bound to: CE - type: string 
	Parameter C_RSTRAM_A bound to: 0 - type: integer 
	Parameter C_INITA_VAL bound to: 0 - type: string 
	Parameter C_HAS_ENA bound to: 0 - type: integer 
	Parameter C_HAS_REGCEA bound to: 0 - type: integer 
	Parameter C_USE_BYTE_WEA bound to: 0 - type: integer 
	Parameter C_WEA_WIDTH bound to: 1 - type: integer 
	Parameter C_WRITE_MODE_A bound to: WRITE_FIRST - type: string 
	Parameter C_WRITE_WIDTH_A bound to: 32 - type: integer 
	Parameter C_READ_WIDTH_A bound to: 32 - type: integer 
	Parameter C_WRITE_DEPTH_A bound to: 16384 - type: integer 
	Parameter C_READ_DEPTH_A bound to: 16384 - type: integer 
	Parameter C_ADDRA_WIDTH bound to: 14 - type: integer 
	Parameter C_HAS_RSTB bound to: 0 - type: integer 
	Parameter C_RST_PRIORITY_B bound to: CE - type: string 
	Parameter C_RSTRAM_B bound to: 0 - type: integer 
	Parameter C_INITB_VAL bound to: 0 - type: string 
	Parameter C_HAS_ENB bound to: 0 - type: integer 
	Parameter C_HAS_REGCEB bound to: 0 - type: integer 
	Parameter C_USE_BYTE_WEB bound to: 0 - type: integer 
	Parameter C_WEB_WIDTH bound to: 1 - type: integer 
	Parameter C_WRITE_MODE_B bound to: WRITE_FIRST - type: string 
	Parameter C_WRITE_WIDTH_B bound to: 32 - type: integer 
	Parameter C_READ_WIDTH_B bound to: 32 - type: integer 
	Parameter C_WRITE_DEPTH_B bound to: 16384 - type: integer 
	Parameter C_READ_DEPTH_B bound to: 16384 - type: integer 
	Parameter C_ADDRB_WIDTH bound to: 14 - type: integer 
	Parameter C_HAS_MEM_OUTPUT_REGS_A bound to: 0 - type: integer 
	Parameter C_HAS_MEM_OUTPUT_REGS_B bound to: 0 - type: integer 
	Parameter C_HAS_MUX_OUTPUT_REGS_A bound to: 0 - type: integer 
	Parameter C_HAS_MUX_OUTPUT_REGS_B bound to: 0 - type: integer 
	Parameter C_MUX_PIPELINE_STAGES bound to: 0 - type: integer 
	Parameter C_HAS_SOFTECC_INPUT_REGS_A bound to: 0 - type: integer 
	Parameter C_HAS_SOFTECC_OUTPUT_REGS_B bound to: 0 - type: integer 
	Parameter C_USE_SOFTECC bound to: 0 - type: integer 
	Parameter C_USE_ECC bound to: 0 - type: integer 
	Parameter C_EN_ECC_PIPE bound to: 0 - type: integer 
	Parameter C_HAS_INJECTERR bound to: 0 - type: integer 
	Parameter C_SIM_COLLISION_CHECK bound to: ALL - type: string 
	Parameter C_COMMON_CLK bound to: 0 - type: integer 
	Parameter C_DISABLE_WARN_BHV_COLL bound to: 0 - type: integer 
	Parameter C_EN_SLEEP_PIN bound to: 0 - type: integer 
	Parameter C_USE_URAM bound to: 0 - type: integer 
	Parameter C_EN_RDADDRA_CHG bound to: 0 - type: integer 
	Parameter C_EN_RDADDRB_CHG bound to: 0 - type: integer 
	Parameter C_EN_DEEPSLEEP_PIN bound to: 0 - type: integer 
	Parameter C_EN_SHUTDOWN_PIN bound to: 0 - type: integer 
	Parameter C_EN_SAFETY_CKT bound to: 0 - type: integer 
	Parameter C_DISABLE_WARN_BHV_RANGE bound to: 0 - type: integer 
	Parameter C_COUNT_36K_BRAM bound to: 14 - type: string 
	Parameter C_COUNT_18K_BRAM bound to: 1 - type: string 
	Parameter C_EST_POWER_SUMMARY bound to: Estimated Power for IP     :     12.7204 mW - type: string 
INFO: [Synth 8-3491] module 'blk_mem_gen_v8_4_1' declared at 'd:/DigitalDesign/top_test/top/top.srcs/sources_1/ip/RAM/hdl/blk_mem_gen_v8_4_vhsyn_rfs.vhd:195313' bound to instance 'U0' of component 'blk_mem_gen_v8_4_1' [d:/DigitalDesign/top_test/top/top.srcs/sources_1/ip/prgrom/synth/prgrom.vhd:228]
INFO: [Synth 8-256] done synthesizing module 'prgrom' (18#1) [d:/DigitalDesign/top_test/top/top.srcs/sources_1/ip/prgrom/synth/prgrom.vhd:67]
WARNING: [Synth 8-567] referenced signal 'PC' should be on the sensitivity list [D:/DigitalDesign/top_test/top/top.srcs/sources_1/new/IFetc32.v:80]
INFO: [Synth 8-256] done synthesizing module 'Ifetc32' (19#1) [D:/DigitalDesign/top_test/top/top.srcs/sources_1/new/IFetc32.v:23]
INFO: [Synth 8-638] synthesizing module 'MemOrIO' [D:/DigitalDesign/top_test/top/top.srcs/sources_1/new/MemOrIO.v:23]
INFO: [Synth 8-256] done synthesizing module 'MemOrIO' (20#1) [D:/DigitalDesign/top_test/top/top.srcs/sources_1/new/MemOrIO.v:23]
INFO: [Synth 8-638] synthesizing module 'control32' [D:/DigitalDesign/top_test/top/top.srcs/sources_1/new/controller.v:23]
INFO: [Synth 8-256] done synthesizing module 'control32' (21#1) [D:/DigitalDesign/top_test/top/top.srcs/sources_1/new/controller.v:23]
INFO: [Synth 8-638] synthesizing module 'dmemory32' [D:/DigitalDesign/top_test/top/top.srcs/sources_1/new/dmemory32.v:23]
INFO: [Synth 8-638] synthesizing module 'RAM' [d:/DigitalDesign/top_test/top/top.srcs/sources_1/ip/RAM/synth/RAM.vhd:69]
	Parameter C_FAMILY bound to: artix7 - type: string 
	Parameter C_XDEVICEFAMILY bound to: artix7 - type: string 
	Parameter C_ELABORATION_DIR bound to: ./ - type: string 
	Parameter C_INTERFACE_TYPE bound to: 0 - type: integer 
	Parameter C_AXI_TYPE bound to: 1 - type: integer 
	Parameter C_AXI_SLAVE_TYPE bound to: 0 - type: integer 
	Parameter C_USE_BRAM_BLOCK bound to: 0 - type: integer 
	Parameter C_ENABLE_32BIT_ADDRESS bound to: 0 - type: integer 
	Parameter C_CTRL_ECC_ALGO bound to: NONE - type: string 
	Parameter C_HAS_AXI_ID bound to: 0 - type: integer 
	Parameter C_AXI_ID_WIDTH bound to: 4 - type: integer 
	Parameter C_MEM_TYPE bound to: 0 - type: integer 
	Parameter C_BYTE_SIZE bound to: 9 - type: integer 
	Parameter C_ALGORITHM bound to: 1 - type: integer 
	Parameter C_PRIM_TYPE bound to: 1 - type: integer 
	Parameter C_LOAD_INIT_FILE bound to: 1 - type: integer 
	Parameter C_INIT_FILE_NAME bound to: RAM.mif - type: string 
	Parameter C_INIT_FILE bound to: RAM.mem - type: string 
	Parameter C_USE_DEFAULT_DATA bound to: 0 - type: integer 
	Parameter C_DEFAULT_DATA bound to: 0 - type: string 
	Parameter C_HAS_RSTA bound to: 0 - type: integer 
	Parameter C_RST_PRIORITY_A bound to: CE - type: string 
	Parameter C_RSTRAM_A bound to: 0 - type: integer 
	Parameter C_INITA_VAL bound to: 0 - type: string 
	Parameter C_HAS_ENA bound to: 0 - type: integer 
	Parameter C_HAS_REGCEA bound to: 0 - type: integer 
	Parameter C_USE_BYTE_WEA bound to: 0 - type: integer 
	Parameter C_WEA_WIDTH bound to: 1 - type: integer 
	Parameter C_WRITE_MODE_A bound to: WRITE_FIRST - type: string 
	Parameter C_WRITE_WIDTH_A bound to: 32 - type: integer 
	Parameter C_READ_WIDTH_A bound to: 32 - type: integer 
	Parameter C_WRITE_DEPTH_A bound to: 16384 - type: integer 
	Parameter C_READ_DEPTH_A bound to: 16384 - type: integer 
	Parameter C_ADDRA_WIDTH bound to: 14 - type: integer 
	Parameter C_HAS_RSTB bound to: 0 - type: integer 
	Parameter C_RST_PRIORITY_B bound to: CE - type: string 
	Parameter C_RSTRAM_B bound to: 0 - type: integer 
	Parameter C_INITB_VAL bound to: 0 - type: string 
	Parameter C_HAS_ENB bound to: 0 - type: integer 
	Parameter C_HAS_REGCEB bound to: 0 - type: integer 
	Parameter C_USE_BYTE_WEB bound to: 0 - type: integer 
	Parameter C_WEB_WIDTH bound to: 1 - type: integer 
	Parameter C_WRITE_MODE_B bound to: WRITE_FIRST - type: string 
	Parameter C_WRITE_WIDTH_B bound to: 32 - type: integer 
	Parameter C_READ_WIDTH_B bound to: 32 - type: integer 
	Parameter C_WRITE_DEPTH_B bound to: 16384 - type: integer 
	Parameter C_READ_DEPTH_B bound to: 16384 - type: integer 
	Parameter C_ADDRB_WIDTH bound to: 14 - type: integer 
	Parameter C_HAS_MEM_OUTPUT_REGS_A bound to: 0 - type: integer 
	Parameter C_HAS_MEM_OUTPUT_REGS_B bound to: 0 - type: integer 
	Parameter C_HAS_MUX_OUTPUT_REGS_A bound to: 0 - type: integer 
	Parameter C_HAS_MUX_OUTPUT_REGS_B bound to: 0 - type: integer 
	Parameter C_MUX_PIPELINE_STAGES bound to: 0 - type: integer 
	Parameter C_HAS_SOFTECC_INPUT_REGS_A bound to: 0 - type: integer 
	Parameter C_HAS_SOFTECC_OUTPUT_REGS_B bound to: 0 - type: integer 
	Parameter C_USE_SOFTECC bound to: 0 - type: integer 
	Parameter C_USE_ECC bound to: 0 - type: integer 
	Parameter C_EN_ECC_PIPE bound to: 0 - type: integer 
	Parameter C_HAS_INJECTERR bound to: 0 - type: integer 
	Parameter C_SIM_COLLISION_CHECK bound to: ALL - type: string 
	Parameter C_COMMON_CLK bound to: 0 - type: integer 
	Parameter C_DISABLE_WARN_BHV_COLL bound to: 0 - type: integer 
	Parameter C_EN_SLEEP_PIN bound to: 0 - type: integer 
	Parameter C_USE_URAM bound to: 0 - type: integer 
	Parameter C_EN_RDADDRA_CHG bound to: 0 - type: integer 
	Parameter C_EN_RDADDRB_CHG bound to: 0 - type: integer 
	Parameter C_EN_DEEPSLEEP_PIN bound to: 0 - type: integer 
	Parameter C_EN_SHUTDOWN_PIN bound to: 0 - type: integer 
	Parameter C_EN_SAFETY_CKT bound to: 0 - type: integer 
	Parameter C_DISABLE_WARN_BHV_RANGE bound to: 0 - type: integer 
	Parameter C_COUNT_36K_BRAM bound to: 14 - type: string 
	Parameter C_COUNT_18K_BRAM bound to: 1 - type: string 
	Parameter C_EST_POWER_SUMMARY bound to: Estimated Power for IP     :     13.776802 mW - type: string 
INFO: [Synth 8-3491] module 'blk_mem_gen_v8_4_1' declared at 'd:/DigitalDesign/top_test/top/top.srcs/sources_1/ip/RAM/hdl/blk_mem_gen_v8_4_vhsyn_rfs.vhd:195313' bound to instance 'U0' of component 'blk_mem_gen_v8_4_1' [d:/DigitalDesign/top_test/top/top.srcs/sources_1/ip/RAM/synth/RAM.vhd:232]
INFO: [Synth 8-256] done synthesizing module 'RAM' (22#1) [d:/DigitalDesign/top_test/top/top.srcs/sources_1/ip/RAM/synth/RAM.vhd:69]
WARNING: [Synth 8-689] width (32) of port connection 'addra' does not match port width (14) of module 'RAM' [D:/DigitalDesign/top_test/top/top.srcs/sources_1/new/dmemory32.v:30]
INFO: [Synth 8-256] done synthesizing module 'dmemory32' (23#1) [D:/DigitalDesign/top_test/top/top.srcs/sources_1/new/dmemory32.v:23]
INFO: [Synth 8-638] synthesizing module 'leds' [D:/DigitalDesign/top_test/top/top.srcs/sources_1/new/leds.v:4]
INFO: [Synth 8-256] done synthesizing module 'leds' (24#1) [D:/DigitalDesign/top_test/top/top.srcs/sources_1/new/leds.v:4]
WARNING: [Synth 8-689] width (32) of port connection 'ledwdata' does not match port width (16) of module 'leds' [D:/DigitalDesign/top_test/top/top.srcs/sources_1/new/main.v:185]
INFO: [Synth 8-638] synthesizing module 'switchs' [D:/DigitalDesign/top_test/top/top.srcs/sources_1/new/switchs.v:4]
INFO: [Synth 8-256] done synthesizing module 'switchs' (25#1) [D:/DigitalDesign/top_test/top/top.srcs/sources_1/new/switchs.v:4]
INFO: [Synth 8-638] synthesizing module 'scan' [D:/DigitalDesign/top_test/top/top.srcs/sources_1/new/scan.v:23]
	Parameter period1 bound to: 200000 - type: integer 
	Parameter Math0 bound to: 7'b0111111 
	Parameter Math1 bound to: 7'b0000110 
	Parameter Math2 bound to: 7'b1011011 
	Parameter Math3 bound to: 7'b1001111 
	Parameter Math4 bound to: 7'b1100110 
	Parameter Math5 bound to: 7'b1101101 
	Parameter Math6 bound to: 7'b1111101 
	Parameter Math7 bound to: 7'b0100111 
	Parameter Math8 bound to: 7'b1111111 
	Parameter Math9 bound to: 7'b1100111 
	Parameter Null bound to: 7'b0000000 
INFO: [Synth 8-226] default block is never used [D:/DigitalDesign/top_test/top/top.srcs/sources_1/new/scan.v:91]
INFO: [Synth 8-155] case statement is not full and has no default [D:/DigitalDesign/top_test/top/top.srcs/sources_1/new/scan.v:220]
WARNING: [Synth 8-567] referenced signal 'scan_cs' should be on the sensitivity list [D:/DigitalDesign/top_test/top/top.srcs/sources_1/new/scan.v:217]
WARNING: [Synth 8-567] referenced signal 'scan_write' should be on the sensitivity list [D:/DigitalDesign/top_test/top/top.srcs/sources_1/new/scan.v:217]
WARNING: [Synth 8-567] referenced signal 'highBit' should be on the sensitivity list [D:/DigitalDesign/top_test/top/top.srcs/sources_1/new/scan.v:217]
WARNING: [Synth 8-567] referenced signal 'middleBit' should be on the sensitivity list [D:/DigitalDesign/top_test/top/top.srcs/sources_1/new/scan.v:217]
WARNING: [Synth 8-567] referenced signal 'lowBit' should be on the sensitivity list [D:/DigitalDesign/top_test/top/top.srcs/sources_1/new/scan.v:217]
INFO: [Synth 8-256] done synthesizing module 'scan' (26#1) [D:/DigitalDesign/top_test/top/top.srcs/sources_1/new/scan.v:23]
WARNING: [Synth 8-689] width (32) of port connection 'scanwdata' does not match port width (16) of module 'scan' [D:/DigitalDesign/top_test/top/top.srcs/sources_1/new/main.v:197]
INFO: [Synth 8-256] done synthesizing module 'main' (27#1) [D:/DigitalDesign/top_test/top/top.srcs/sources_1/new/main.v:23]
WARNING: [Synth 8-3331] design blk_mem_gen_mux__parameterized0 has unconnected port MUX_RST[0]
WARNING: [Synth 8-3331] design blk_mem_gen_mux__parameterized0 has unconnected port MEM_LAT_RST
WARNING: [Synth 8-3331] design blk_mem_gen_mux__parameterized0 has unconnected port MEM_REG_RST
WARNING: [Synth 8-3331] design blk_mem_gen_mux__parameterized0 has unconnected port MUX_REGCE[0]
WARNING: [Synth 8-3331] design blk_mem_gen_mux__parameterized0 has unconnected port MEM_REGCE
WARNING: [Synth 8-3331] design blk_mem_gen_mux__parameterized0 has unconnected port WE
WARNING: [Synth 8-3331] design blk_mem_gen_mux__parameterized0 has unconnected port ADDR_IN[13]
WARNING: [Synth 8-3331] design blk_mem_gen_mux__parameterized0 has unconnected port ADDR_IN[12]
WARNING: [Synth 8-3331] design blk_mem_gen_mux__parameterized0 has unconnected port ADDR_IN[11]
WARNING: [Synth 8-3331] design blk_mem_gen_mux__parameterized0 has unconnected port ADDR_IN[10]
WARNING: [Synth 8-3331] design blk_mem_gen_mux__parameterized0 has unconnected port ADDR_IN[9]
WARNING: [Synth 8-3331] design blk_mem_gen_mux__parameterized0 has unconnected port ADDR_IN[8]
WARNING: [Synth 8-3331] design blk_mem_gen_mux__parameterized0 has unconnected port ADDR_IN[7]
WARNING: [Synth 8-3331] design blk_mem_gen_mux__parameterized0 has unconnected port ADDR_IN[6]
WARNING: [Synth 8-3331] design blk_mem_gen_mux__parameterized0 has unconnected port ADDR_IN[5]
WARNING: [Synth 8-3331] design blk_mem_gen_mux__parameterized0 has unconnected port ADDR_IN[4]
WARNING: [Synth 8-3331] design blk_mem_gen_mux__parameterized0 has unconnected port ADDR_IN[3]
WARNING: [Synth 8-3331] design blk_mem_gen_mux__parameterized0 has unconnected port ADDR_IN[2]
WARNING: [Synth 8-3331] design blk_mem_gen_mux__parameterized0 has unconnected port ADDR_IN[1]
WARNING: [Synth 8-3331] design blk_mem_gen_mux__parameterized0 has unconnected port ADDR_IN[0]
WARNING: [Synth 8-3331] design blk_mem_gen_mux__parameterized0 has unconnected port SBITERRIN[127]
WARNING: [Synth 8-3331] design blk_mem_gen_mux__parameterized0 has unconnected port SBITERRIN[126]
WARNING: [Synth 8-3331] design blk_mem_gen_mux__parameterized0 has unconnected port SBITERRIN[125]
WARNING: [Synth 8-3331] design blk_mem_gen_mux__parameterized0 has unconnected port SBITERRIN[124]
WARNING: [Synth 8-3331] design blk_mem_gen_mux__parameterized0 has unconnected port SBITERRIN[123]
WARNING: [Synth 8-3331] design blk_mem_gen_mux__parameterized0 has unconnected port SBITERRIN[122]
WARNING: [Synth 8-3331] design blk_mem_gen_mux__parameterized0 has unconnected port SBITERRIN[121]
WARNING: [Synth 8-3331] design blk_mem_gen_mux__parameterized0 has unconnected port SBITERRIN[120]
WARNING: [Synth 8-3331] design blk_mem_gen_mux__parameterized0 has unconnected port SBITERRIN[119]
WARNING: [Synth 8-3331] design blk_mem_gen_mux__parameterized0 has unconnected port SBITERRIN[118]
WARNING: [Synth 8-3331] design blk_mem_gen_mux__parameterized0 has unconnected port SBITERRIN[117]
WARNING: [Synth 8-3331] design blk_mem_gen_mux__parameterized0 has unconnected port SBITERRIN[116]
WARNING: [Synth 8-3331] design blk_mem_gen_mux__parameterized0 has unconnected port SBITERRIN[115]
WARNING: [Synth 8-3331] design blk_mem_gen_mux__parameterized0 has unconnected port SBITERRIN[114]
WARNING: [Synth 8-3331] design blk_mem_gen_mux__parameterized0 has unconnected port SBITERRIN[113]
WARNING: [Synth 8-3331] design blk_mem_gen_mux__parameterized0 has unconnected port SBITERRIN[112]
WARNING: [Synth 8-3331] design blk_mem_gen_mux__parameterized0 has unconnected port SBITERRIN[111]
WARNING: [Synth 8-3331] design blk_mem_gen_mux__parameterized0 has unconnected port SBITERRIN[110]
WARNING: [Synth 8-3331] design blk_mem_gen_mux__parameterized0 has unconnected port SBITERRIN[109]
WARNING: [Synth 8-3331] design blk_mem_gen_mux__parameterized0 has unconnected port SBITERRIN[108]
WARNING: [Synth 8-3331] design blk_mem_gen_mux__parameterized0 has unconnected port SBITERRIN[107]
WARNING: [Synth 8-3331] design blk_mem_gen_mux__parameterized0 has unconnected port SBITERRIN[106]
WARNING: [Synth 8-3331] design blk_mem_gen_mux__parameterized0 has unconnected port SBITERRIN[105]
WARNING: [Synth 8-3331] design blk_mem_gen_mux__parameterized0 has unconnected port SBITERRIN[104]
WARNING: [Synth 8-3331] design blk_mem_gen_mux__parameterized0 has unconnected port SBITERRIN[103]
WARNING: [Synth 8-3331] design blk_mem_gen_mux__parameterized0 has unconnected port SBITERRIN[102]
WARNING: [Synth 8-3331] design blk_mem_gen_mux__parameterized0 has unconnected port SBITERRIN[101]
WARNING: [Synth 8-3331] design blk_mem_gen_mux__parameterized0 has unconnected port SBITERRIN[100]
WARNING: [Synth 8-3331] design blk_mem_gen_mux__parameterized0 has unconnected port SBITERRIN[99]
WARNING: [Synth 8-3331] design blk_mem_gen_mux__parameterized0 has unconnected port SBITERRIN[98]
WARNING: [Synth 8-3331] design blk_mem_gen_mux__parameterized0 has unconnected port SBITERRIN[97]
WARNING: [Synth 8-3331] design blk_mem_gen_mux__parameterized0 has unconnected port SBITERRIN[96]
WARNING: [Synth 8-3331] design blk_mem_gen_mux__parameterized0 has unconnected port SBITERRIN[95]
WARNING: [Synth 8-3331] design blk_mem_gen_mux__parameterized0 has unconnected port SBITERRIN[94]
WARNING: [Synth 8-3331] design blk_mem_gen_mux__parameterized0 has unconnected port SBITERRIN[93]
WARNING: [Synth 8-3331] design blk_mem_gen_mux__parameterized0 has unconnected port SBITERRIN[92]
WARNING: [Synth 8-3331] design blk_mem_gen_mux__parameterized0 has unconnected port SBITERRIN[91]
WARNING: [Synth 8-3331] design blk_mem_gen_mux__parameterized0 has unconnected port SBITERRIN[90]
WARNING: [Synth 8-3331] design blk_mem_gen_mux__parameterized0 has unconnected port SBITERRIN[89]
WARNING: [Synth 8-3331] design blk_mem_gen_mux__parameterized0 has unconnected port SBITERRIN[88]
WARNING: [Synth 8-3331] design blk_mem_gen_mux__parameterized0 has unconnected port SBITERRIN[87]
WARNING: [Synth 8-3331] design blk_mem_gen_mux__parameterized0 has unconnected port SBITERRIN[86]
WARNING: [Synth 8-3331] design blk_mem_gen_mux__parameterized0 has unconnected port SBITERRIN[85]
WARNING: [Synth 8-3331] design blk_mem_gen_mux__parameterized0 has unconnected port SBITERRIN[84]
WARNING: [Synth 8-3331] design blk_mem_gen_mux__parameterized0 has unconnected port SBITERRIN[83]
WARNING: [Synth 8-3331] design blk_mem_gen_mux__parameterized0 has unconnected port SBITERRIN[82]
WARNING: [Synth 8-3331] design blk_mem_gen_mux__parameterized0 has unconnected port SBITERRIN[81]
WARNING: [Synth 8-3331] design blk_mem_gen_mux__parameterized0 has unconnected port SBITERRIN[80]
WARNING: [Synth 8-3331] design blk_mem_gen_mux__parameterized0 has unconnected port SBITERRIN[79]
WARNING: [Synth 8-3331] design blk_mem_gen_mux__parameterized0 has unconnected port SBITERRIN[78]
WARNING: [Synth 8-3331] design blk_mem_gen_mux__parameterized0 has unconnected port SBITERRIN[77]
WARNING: [Synth 8-3331] design blk_mem_gen_mux__parameterized0 has unconnected port SBITERRIN[76]
WARNING: [Synth 8-3331] design blk_mem_gen_mux__parameterized0 has unconnected port SBITERRIN[75]
WARNING: [Synth 8-3331] design blk_mem_gen_mux__parameterized0 has unconnected port SBITERRIN[74]
WARNING: [Synth 8-3331] design blk_mem_gen_mux__parameterized0 has unconnected port SBITERRIN[73]
WARNING: [Synth 8-3331] design blk_mem_gen_mux__parameterized0 has unconnected port SBITERRIN[72]
WARNING: [Synth 8-3331] design blk_mem_gen_mux__parameterized0 has unconnected port SBITERRIN[71]
WARNING: [Synth 8-3331] design blk_mem_gen_mux__parameterized0 has unconnected port SBITERRIN[70]
WARNING: [Synth 8-3331] design blk_mem_gen_mux__parameterized0 has unconnected port SBITERRIN[69]
WARNING: [Synth 8-3331] design blk_mem_gen_mux__parameterized0 has unconnected port SBITERRIN[68]
WARNING: [Synth 8-3331] design blk_mem_gen_mux__parameterized0 has unconnected port SBITERRIN[67]
WARNING: [Synth 8-3331] design blk_mem_gen_mux__parameterized0 has unconnected port SBITERRIN[66]
WARNING: [Synth 8-3331] design blk_mem_gen_mux__parameterized0 has unconnected port SBITERRIN[65]
WARNING: [Synth 8-3331] design blk_mem_gen_mux__parameterized0 has unconnected port SBITERRIN[64]
WARNING: [Synth 8-3331] design blk_mem_gen_mux__parameterized0 has unconnected port SBITERRIN[63]
WARNING: [Synth 8-3331] design blk_mem_gen_mux__parameterized0 has unconnected port SBITERRIN[62]
WARNING: [Synth 8-3331] design blk_mem_gen_mux__parameterized0 has unconnected port SBITERRIN[61]
WARNING: [Synth 8-3331] design blk_mem_gen_mux__parameterized0 has unconnected port SBITERRIN[60]
WARNING: [Synth 8-3331] design blk_mem_gen_mux__parameterized0 has unconnected port SBITERRIN[59]
WARNING: [Synth 8-3331] design blk_mem_gen_mux__parameterized0 has unconnected port SBITERRIN[58]
WARNING: [Synth 8-3331] design blk_mem_gen_mux__parameterized0 has unconnected port SBITERRIN[57]
WARNING: [Synth 8-3331] design blk_mem_gen_mux__parameterized0 has unconnected port SBITERRIN[56]
WARNING: [Synth 8-3331] design blk_mem_gen_mux__parameterized0 has unconnected port SBITERRIN[55]
WARNING: [Synth 8-3331] design blk_mem_gen_mux__parameterized0 has unconnected port SBITERRIN[54]
WARNING: [Synth 8-3331] design blk_mem_gen_mux__parameterized0 has unconnected port SBITERRIN[53]
WARNING: [Synth 8-3331] design blk_mem_gen_mux__parameterized0 has unconnected port SBITERRIN[52]
WARNING: [Synth 8-3331] design blk_mem_gen_mux__parameterized0 has unconnected port SBITERRIN[51]
WARNING: [Synth 8-3331] design blk_mem_gen_mux__parameterized0 has unconnected port SBITERRIN[50]
WARNING: [Synth 8-3331] design blk_mem_gen_mux__parameterized0 has unconnected port SBITERRIN[49]
WARNING: [Synth 8-3331] design blk_mem_gen_mux__parameterized0 has unconnected port SBITERRIN[48]
INFO: [Common 17-14] Message 'Synth 8-3331' appears 100 times and further instances of the messages will be disabled. Use the Tcl command set_msg_config to change the current settings.
---------------------------------------------------------------------------------
Finished RTL Elaboration : Time (s): cpu = 00:02:56 ; elapsed = 00:03:03 . Memory (MB): peak = 781.695 ; gain = 540.313
---------------------------------------------------------------------------------

Report Check Netlist: 
+------+------------------+-------+---------+-------+------------------+
|      |Item              |Errors |Warnings |Status |Description       |
+------+------------------+-------+---------+-------+------------------+
|1     |multi_driven_nets |      0|        0|Passed |Multi driven nets |
+------+------------------+-------+---------+-------+------------------+
---------------------------------------------------------------------------------
Finished RTL Optimization Phase 1 : Time (s): cpu = 00:02:56 ; elapsed = 00:03:03 . Memory (MB): peak = 781.695 ; gain = 540.313
---------------------------------------------------------------------------------
INFO: [Netlist 29-17] Analyzing 32 Unisim elements for replacement
INFO: [Netlist 29-28] Unisim Transformation completed in 0 CPU seconds
INFO: [Device 21-403] Loading part xc7a100tfgg484-1
INFO: [Project 1-570] Preparing netlist for logic optimization

Processing XDC Constraints
Initializing timing engine
Parsing XDC File [d:/DigitalDesign/top_test/top/top.srcs/sources_1/ip/cpuclk/cpuclk_board.xdc] for cell 'c/inst'
Finished Parsing XDC File [d:/DigitalDesign/top_test/top/top.srcs/sources_1/ip/cpuclk/cpuclk_board.xdc] for cell 'c/inst'
Parsing XDC File [d:/DigitalDesign/top_test/top/top.srcs/sources_1/ip/cpuclk/cpuclk.xdc] for cell 'c/inst'
Finished Parsing XDC File [d:/DigitalDesign/top_test/top/top.srcs/sources_1/ip/cpuclk/cpuclk.xdc] for cell 'c/inst'
INFO: [Project 1-236] Implementation specific constraints were found while reading constraint file [d:/DigitalDesign/top_test/top/top.srcs/sources_1/ip/cpuclk/cpuclk.xdc]. These constraints will be ignored for synthesis but will be used in implementation. Impacted constraints are listed in the file [.Xil/main_propImpl.xdc].
Resolution: To avoid this warning, move constraints listed in [.Xil/main_propImpl.xdc] to another XDC file and exclude this new file from synthesis with the used_in_synthesis property (File Properties dialog in GUI) and re-run elaboration/synthesis.
INFO: [Timing 38-2] Deriving generated clocks
Parsing XDC File [D:/DigitalDesign/top_test/top/top.srcs/constrs_1/new/constrain.xdc]
Finished Parsing XDC File [D:/DigitalDesign/top_test/top/top.srcs/constrs_1/new/constrain.xdc]
INFO: [Project 1-236] Implementation specific constraints were found while reading constraint file [D:/DigitalDesign/top_test/top/top.srcs/constrs_1/new/constrain.xdc]. These constraints will be ignored for synthesis but will be used in implementation. Impacted constraints are listed in the file [.Xil/main_propImpl.xdc].
Resolution: To avoid this warning, move constraints listed in [.Xil/main_propImpl.xdc] to another XDC file and exclude this new file from synthesis with the used_in_synthesis property (File Properties dialog in GUI) and re-run elaboration/synthesis.
Parsing XDC File [D:/DigitalDesign/top_test/top/top.runs/synth_1/dont_touch.xdc]
Finished Parsing XDC File [D:/DigitalDesign/top_test/top/top.runs/synth_1/dont_touch.xdc]
INFO: [Project 1-236] Implementation specific constraints were found while reading constraint file [D:/DigitalDesign/top_test/top/top.runs/synth_1/dont_touch.xdc]. These constraints will be ignored for synthesis but will be used in implementation. Impacted constraints are listed in the file [.Xil/main_propImpl.xdc].
Resolution: To avoid this warning, move constraints listed in [.Xil/main_propImpl.xdc] to another XDC file and exclude this new file from synthesis with the used_in_synthesis property (File Properties dialog in GUI) and re-run elaboration/synthesis.
Completed Processing XDC Constraints

INFO: [Project 1-111] Unisim Transformation Summary:
No Unisim elements were transformed.

Constraint Validation Runtime : Time (s): cpu = 00:00:00 ; elapsed = 00:00:00.006 . Memory (MB): peak = 812.461 ; gain = 0.000
---------------------------------------------------------------------------------
Finished Constraint Validation : Time (s): cpu = 00:03:09 ; elapsed = 00:03:16 . Memory (MB): peak = 812.461 ; gain = 571.078
---------------------------------------------------------------------------------
---------------------------------------------------------------------------------
Start Loading Part and Timing Information
---------------------------------------------------------------------------------
Loading part: xc7a100tfgg484-1
---------------------------------------------------------------------------------
Finished Loading Part and Timing Information : Time (s): cpu = 00:03:09 ; elapsed = 00:03:16 . Memory (MB): peak = 812.461 ; gain = 571.078
---------------------------------------------------------------------------------
---------------------------------------------------------------------------------
Start Applying 'set_property' XDC Constraints
---------------------------------------------------------------------------------
Applied set_property DONT_TOUCH = true for c/inst. (constraint file  D:/DigitalDesign/top_test/top/top.runs/synth_1/dont_touch.xdc, line 20).
Applied set_property DONT_TOUCH = true for Ifetc32_0/p. (constraint file  auto generated constraint, line ).
Applied set_property DONT_TOUCH = true for c. (constraint file  auto generated constraint, line ).
Applied set_property DONT_TOUCH = true for dmemory32_0/ram. (constraint file  auto generated constraint, line ).
---------------------------------------------------------------------------------
Finished applying 'set_property' XDC Constraints : Time (s): cpu = 00:03:09 ; elapsed = 00:03:16 . Memory (MB): peak = 812.461 ; gain = 571.078
---------------------------------------------------------------------------------
INFO: [Synth 8-5818] HDL ADVISOR - The operator resource <adder> is shared. To prevent sharing consider applying a KEEP on the output of the operator [D:/DigitalDesign/top_test/top/top.srcs/sources_1/new/Executs32.v:70]
INFO: [Synth 8-5545] ROM "Zero" won't be mapped to RAM because address size (32) is larger than maximum supported(25)
INFO: [Synth 8-5546] ROM "register_reg[0]" won't be mapped to RAM because it is too sparse
INFO: [Synth 8-5546] ROM "register_reg[1]" won't be mapped to RAM because it is too sparse
INFO: [Synth 8-5546] ROM "register_reg[2]" won't be mapped to RAM because it is too sparse
INFO: [Synth 8-5546] ROM "register_reg[3]" won't be mapped to RAM because it is too sparse
INFO: [Synth 8-5546] ROM "register_reg[4]" won't be mapped to RAM because it is too sparse
INFO: [Synth 8-5546] ROM "register_reg[5]" won't be mapped to RAM because it is too sparse
INFO: [Synth 8-5546] ROM "register_reg[6]" won't be mapped to RAM because it is too sparse
INFO: [Synth 8-5546] ROM "register_reg[7]" won't be mapped to RAM because it is too sparse
INFO: [Synth 8-5546] ROM "register_reg[8]" won't be mapped to RAM because it is too sparse
INFO: [Synth 8-5546] ROM "register_reg[9]" won't be mapped to RAM because it is too sparse
INFO: [Synth 8-5546] ROM "register_reg[10]" won't be mapped to RAM because it is too sparse
INFO: [Synth 8-5546] ROM "register_reg[11]" won't be mapped to RAM because it is too sparse
INFO: [Synth 8-5546] ROM "register_reg[12]" won't be mapped to RAM because it is too sparse
INFO: [Synth 8-5546] ROM "register_reg[13]" won't be mapped to RAM because it is too sparse
INFO: [Synth 8-5546] ROM "register_reg[14]" won't be mapped to RAM because it is too sparse
INFO: [Synth 8-5546] ROM "register_reg[15]" won't be mapped to RAM because it is too sparse
INFO: [Synth 8-5546] ROM "register_reg[16]" won't be mapped to RAM because it is too sparse
INFO: [Synth 8-5546] ROM "register_reg[17]" won't be mapped to RAM because it is too sparse
INFO: [Synth 8-5546] ROM "register_reg[18]" won't be mapped to RAM because it is too sparse
INFO: [Synth 8-5546] ROM "register_reg[19]" won't be mapped to RAM because it is too sparse
INFO: [Synth 8-5546] ROM "register_reg[20]" won't be mapped to RAM because it is too sparse
INFO: [Synth 8-5546] ROM "register_reg[21]" won't be mapped to RAM because it is too sparse
INFO: [Synth 8-5546] ROM "register_reg[22]" won't be mapped to RAM because it is too sparse
INFO: [Synth 8-5546] ROM "register_reg[23]" won't be mapped to RAM because it is too sparse
INFO: [Synth 8-5546] ROM "register_reg[24]" won't be mapped to RAM because it is too sparse
INFO: [Synth 8-5546] ROM "register_reg[25]" won't be mapped to RAM because it is too sparse
INFO: [Synth 8-5546] ROM "register_reg[26]" won't be mapped to RAM because it is too sparse
INFO: [Synth 8-5546] ROM "register_reg[27]" won't be mapped to RAM because it is too sparse
INFO: [Synth 8-5546] ROM "register_reg[28]" won't be mapped to RAM because it is too sparse
INFO: [Synth 8-5546] ROM "register_reg[29]" won't be mapped to RAM because it is too sparse
INFO: [Synth 8-5546] ROM "register_reg[30]" won't be mapped to RAM because it is too sparse
INFO: [Synth 8-5546] ROM "register_reg[31]" won't be mapped to RAM because it is too sparse
INFO: [Synth 8-5546] ROM "Jr" won't be mapped to RAM because it is too sparse
INFO: [Synth 8-5546] ROM "Jmp" won't be mapped to RAM because it is too sparse
INFO: [Synth 8-5546] ROM "Jal" won't be mapped to RAM because it is too sparse
INFO: [Synth 8-5546] ROM "Branch" won't be mapped to RAM because it is too sparse
INFO: [Synth 8-5546] ROM "nBranch" won't be mapped to RAM because it is too sparse
INFO: [Synth 8-5546] ROM "R_format" won't be mapped to RAM because it is too sparse
INFO: [Synth 8-5546] ROM "Lw" won't be mapped to RAM because it is too sparse
INFO: [Synth 8-5544] ROM "I_format" won't be mapped to Block RAM because address size (3) smaller than threshold (5)
INFO: [Synth 8-5546] ROM "Sw" won't be mapped to RAM because it is too sparse
INFO: [Synth 8-5545] ROM "cnt1" won't be mapped to RAM because address size (32) is larger than maximum supported(25)
INFO: [Synth 8-5545] ROM "clkout1" won't be mapped to RAM because address size (32) is larger than maximum supported(25)
INFO: [Synth 8-5544] ROM "Y_r" won't be mapped to Block RAM because address size (3) smaller than threshold (5)
INFO: [Synth 8-5545] ROM "cnt1" won't be mapped to RAM because address size (32) is larger than maximum supported(25)
INFO: [Synth 8-5545] ROM "clkout1" won't be mapped to RAM because address size (32) is larger than maximum supported(25)
INFO: [Synth 8-5544] ROM "Y_r" won't be mapped to Block RAM because address size (3) smaller than threshold (5)
INFO: [Synth 8-5544] ROM "DIG_R" won't be mapped to Block RAM because address size (3) smaller than threshold (5)
INFO: [Synth 8-5544] ROM "middleBit" won't be mapped to Block RAM because address size (1) smaller than threshold (5)
INFO: [Synth 8-5544] ROM "middleBit_M" won't be mapped to Block RAM because address size (1) smaller than threshold (5)
WARNING: [Synth 8-327] inferring latch for variable 'link_addr_reg' [D:/DigitalDesign/top_test/top/top.srcs/sources_1/new/IFetc32.v:82]
WARNING: [Synth 8-327] inferring latch for variable 'Y_r_reg' [D:/DigitalDesign/top_test/top/top.srcs/sources_1/new/scan.v:56]
---------------------------------------------------------------------------------
Finished RTL Optimization Phase 2 : Time (s): cpu = 00:03:10 ; elapsed = 00:03:18 . Memory (MB): peak = 812.461 ; gain = 571.078
---------------------------------------------------------------------------------

Report RTL Partitions: 
+-+--------------+------------+----------+
| |RTL Partition |Replication |Instances |
+-+--------------+------------+----------+
+-+--------------+------------+----------+
---------------------------------------------------------------------------------
Start RTL Component Statistics 
---------------------------------------------------------------------------------
Detailed RTL Component Info : 
+---Adders : 
	   3 Input     32 Bit       Adders := 2     
	   2 Input     32 Bit       Adders := 3     
	   2 Input     30 Bit       Adders := 1     
	   2 Input      3 Bit       Adders := 1     
+---XORs : 
	   2 Input     32 Bit         XORs := 1     
+---Registers : 
	               32 Bit    Registers := 33    
	               24 Bit    Registers := 1     
	                7 Bit    Registers := 3     
	                4 Bit    Registers := 2     
	                3 Bit    Registers := 1     
	                2 Bit    Registers := 4     
	                1 Bit    Registers := 1     
+---Muxes : 
	   2 Input     32 Bit        Muxes := 13    
	   8 Input     32 Bit        Muxes := 1     
	   4 Input     32 Bit        Muxes := 4     
	   4 Input     24 Bit        Muxes := 1     
	   2 Input     16 Bit        Muxes := 1     
	   4 Input     16 Bit        Muxes := 1     
	   8 Input      8 Bit        Muxes := 1     
	   2 Input      7 Bit        Muxes := 2     
	   6 Input      7 Bit        Muxes := 1     
	   4 Input      7 Bit        Muxes := 1     
	   2 Input      5 Bit        Muxes := 2     
	   2 Input      4 Bit        Muxes := 1     
	   2 Input      3 Bit        Muxes := 1     
	   6 Input      3 Bit        Muxes := 1     
	   2 Input      1 Bit        Muxes := 74    
	   4 Input      1 Bit        Muxes := 1     
---------------------------------------------------------------------------------
Finished RTL Component Statistics 
---------------------------------------------------------------------------------
---------------------------------------------------------------------------------
Start RTL Hierarchical Component Statistics 
---------------------------------------------------------------------------------
Hierarchical RTL Component report 
Module Executs32 
Detailed RTL Component Info : 
+---Adders : 
	   3 Input     32 Bit       Adders := 2     
	   2 Input     32 Bit       Adders := 1     
+---XORs : 
	   2 Input     32 Bit         XORs := 1     
+---Muxes : 
	   2 Input     32 Bit        Muxes := 4     
	   8 Input     32 Bit        Muxes := 1     
	   2 Input      4 Bit        Muxes := 1     
	   2 Input      1 Bit        Muxes := 2     
Module Idecode32 
Detailed RTL Component Info : 
+---Registers : 
	               32 Bit    Registers := 32    
+---Muxes : 
	   2 Input     32 Bit        Muxes := 2     
	   2 Input      5 Bit        Muxes := 2     
	   2 Input      1 Bit        Muxes := 32    
Module bindec 
Detailed RTL Component Info : 
+---Muxes : 
	   2 Input      1 Bit        Muxes := 4     
Module blk_mem_gen_mux 
Detailed RTL Component Info : 
+---Registers : 
	                2 Bit    Registers := 1     
+---Muxes : 
	   4 Input     32 Bit        Muxes := 1     
Module blk_mem_gen_mux__parameterized0 
Detailed RTL Component Info : 
+---Registers : 
	                2 Bit    Registers := 1     
+---Muxes : 
	   4 Input     32 Bit        Muxes := 1     
Module Ifetc32 
Detailed RTL Component Info : 
+---Adders : 
	   2 Input     32 Bit       Adders := 1     
	   2 Input     30 Bit       Adders := 1     
+---Muxes : 
	   2 Input     32 Bit        Muxes := 4     
Module MemOrIO 
Detailed RTL Component Info : 
+---Muxes : 
	   2 Input     32 Bit        Muxes := 2     
Module control32 
Detailed RTL Component Info : 
+---Muxes : 
	   2 Input      1 Bit        Muxes := 22    
Module leds 
Detailed RTL Component Info : 
+---Registers : 
	               24 Bit    Registers := 1     
+---Muxes : 
	   4 Input     24 Bit        Muxes := 1     
Module switchs 
Detailed RTL Component Info : 
+---Muxes : 
	   2 Input     16 Bit        Muxes := 1     
	   4 Input     16 Bit        Muxes := 1     
Module scan 
Detailed RTL Component Info : 
+---Adders : 
	   2 Input     32 Bit       Adders := 1     
	   2 Input      3 Bit       Adders := 1     
+---Registers : 
	               32 Bit    Registers := 1     
	                7 Bit    Registers := 3     
	                4 Bit    Registers := 2     
	                3 Bit    Registers := 1     
	                1 Bit    Registers := 1     
+---Muxes : 
	   2 Input     32 Bit        Muxes := 1     
	   8 Input      8 Bit        Muxes := 1     
	   2 Input      7 Bit        Muxes := 2     
	   6 Input      7 Bit        Muxes := 1     
	   4 Input      7 Bit        Muxes := 1     
	   2 Input      3 Bit        Muxes := 1     
	   6 Input      3 Bit        Muxes := 1     
	   2 Input      1 Bit        Muxes := 2     
	   4 Input      1 Bit        Muxes := 1     
---------------------------------------------------------------------------------
Finished RTL Hierarchical Component Statistics
---------------------------------------------------------------------------------
---------------------------------------------------------------------------------
Start Part Resource Summary
---------------------------------------------------------------------------------
Part Resources:
DSPs: 240 (col length:80)
BRAMs: 270 (col length: RAMB18 80 RAMB36 40)
---------------------------------------------------------------------------------
Finished Part Resource Summary
---------------------------------------------------------------------------------
---------------------------------------------------------------------------------
Start Cross Boundary and Area Optimization
---------------------------------------------------------------------------------
INFO: [Synth 8-5545] ROM "Zero" won't be mapped to RAM because address size (32) is larger than maximum supported(25)
INFO: [Synth 8-5546] ROM "control32_0/Sw" won't be mapped to RAM because it is too sparse
INFO: [Synth 8-5546] ROM "control32_0/Lw" won't be mapped to RAM because it is too sparse
INFO: [Synth 8-5544] ROM "control32_0/I_format" won't be mapped to Block RAM because address size (3) smaller than threshold (5)
INFO: [Synth 8-5546] ROM "control32_0/nBranch" won't be mapped to RAM because it is too sparse
INFO: [Synth 8-5546] ROM "control32_0/Branch" won't be mapped to RAM because it is too sparse
INFO: [Synth 8-5546] ROM "control32_0/R_format" won't be mapped to RAM because it is too sparse
INFO: [Synth 8-5546] ROM "control32_0/Jr" won't be mapped to RAM because it is too sparse
INFO: [Synth 8-5545] ROM "scan_0/cnt1" won't be mapped to RAM because address size (32) is larger than maximum supported(25)
INFO: [Synth 8-5545] ROM "scan_0/clkout1" won't be mapped to RAM because address size (32) is larger than maximum supported(25)
WARNING: [Synth 8-3917] design main has port Y[7] driven by constant 1
INFO: [Synth 8-3886] merging instance 'scan_0/highBit_M_reg[3]' (FDC) to 'scan_0/middleBit_reg[4]'
INFO: [Synth 8-3886] merging instance 'scan_0/middleBit_M_reg[3]' (FDC) to 'scan_0/middleBit_reg[0]'
INFO: [Synth 8-3886] merging instance 'scan_0/middleBit_M_reg[1]' (FDC) to 'scan_0/middleBit_reg[4]'
INFO: [Synth 8-3886] merging instance 'scan_0/middleBit_M_reg[2]' (FDC) to 'scan_0/middleBit_reg[4]'
INFO: [Synth 8-3886] merging instance 'scan_0/middleBit_M_reg[0]' (FDC) to 'scan_0/middleBit_reg[0]'
INFO: [Synth 8-3886] merging instance 'scan_0/highBit_reg[0]' (FDC) to 'scan_0/highBit_reg[3]'
INFO: [Synth 8-3886] merging instance 'scan_0/middleBit_reg[0]' (FDC) to 'scan_0/middleBit_reg[1]'
INFO: [Synth 8-3886] merging instance 'scan_0/middleBit_reg[1]' (FDC) to 'scan_0/middleBit_reg[2]'
INFO: [Synth 8-3886] merging instance 'scan_0/middleBit_reg[2]' (FDC) to 'scan_0/middleBit_reg[5]'
INFO: [Synth 8-3886] merging instance 'scan_0/middleBit_reg[3]' (FDC) to 'scan_0/middleBit_reg[4]'
INFO: [Synth 8-3333] propagating constant 0 across sequential element (\scan_0/middleBit_reg[4] )
INFO: [Synth 8-3886] merging instance 'scan_0/middleBit_reg[5]' (FDC) to 'scan_0/middleBit_reg[6]'
WARNING: [Synth 8-3332] Sequential element (Ifetc32_0/PC_reg[0]) is unused and will be removed from module main.
WARNING: [Synth 8-3332] Sequential element (switchs_0/switchrdata_reg[23]) is unused and will be removed from module main.
WARNING: [Synth 8-3332] Sequential element (switchs_0/switchrdata_reg[22]) is unused and will be removed from module main.
WARNING: [Synth 8-3332] Sequential element (switchs_0/switchrdata_reg[21]) is unused and will be removed from module main.
WARNING: [Synth 8-3332] Sequential element (switchs_0/switchrdata_reg[20]) is unused and will be removed from module main.
WARNING: [Synth 8-3332] Sequential element (switchs_0/switchrdata_reg[19]) is unused and will be removed from module main.
WARNING: [Synth 8-3332] Sequential element (switchs_0/switchrdata_reg[18]) is unused and will be removed from module main.
WARNING: [Synth 8-3332] Sequential element (switchs_0/switchrdata_reg[17]) is unused and will be removed from module main.
WARNING: [Synth 8-3332] Sequential element (switchs_0/switchrdata_reg[16]) is unused and will be removed from module main.
WARNING: [Synth 8-3332] Sequential element (scan_0/middleBit_reg[4]) is unused and will be removed from module main.
INFO: [Synth 8-3886] merging instance 'scan_0/highBit_M_reg[2]' (FDC) to 'scan_0/highBit_reg[5]'
---------------------------------------------------------------------------------
Finished Cross Boundary and Area Optimization : Time (s): cpu = 00:04:10 ; elapsed = 00:04:18 . Memory (MB): peak = 812.461 ; gain = 571.078
---------------------------------------------------------------------------------

Report RTL Partitions: 
+-+--------------+------------+----------+
| |RTL Partition |Replication |Instances |
+-+--------------+------------+----------+
+-+--------------+------------+----------+
---------------------------------------------------------------------------------
Start Applying XDC Timing Constraints
---------------------------------------------------------------------------------
---------------------------------------------------------------------------------
Finished Applying XDC Timing Constraints : Time (s): cpu = 00:04:18 ; elapsed = 00:04:27 . Memory (MB): peak = 827.879 ; gain = 586.496
---------------------------------------------------------------------------------
---------------------------------------------------------------------------------
Start Timing Optimization
---------------------------------------------------------------------------------
---------------------------------------------------------------------------------
Finished Timing Optimization : Time (s): cpu = 00:04:46 ; elapsed = 00:04:56 . Memory (MB): peak = 955.648 ; gain = 714.266
---------------------------------------------------------------------------------

Report RTL Partitions: 
+-+--------------+------------+----------+
| |RTL Partition |Replication |Instances |
+-+--------------+------------+----------+
+-+--------------+------------+----------+
---------------------------------------------------------------------------------
Start Technology Mapping
---------------------------------------------------------------------------------
---------------------------------------------------------------------------------
Finished Technology Mapping : Time (s): cpu = 00:04:54 ; elapsed = 00:05:03 . Memory (MB): peak = 955.648 ; gain = 714.266
---------------------------------------------------------------------------------

Report RTL Partitions: 
+-+--------------+------------+----------+
| |RTL Partition |Replication |Instances |
+-+--------------+------------+----------+
+-+--------------+------------+----------+
---------------------------------------------------------------------------------
Start IO Insertion
---------------------------------------------------------------------------------
---------------------------------------------------------------------------------
Start Flattening Before IO Insertion
---------------------------------------------------------------------------------
---------------------------------------------------------------------------------
Finished Flattening Before IO Insertion
---------------------------------------------------------------------------------
---------------------------------------------------------------------------------
Start Final Netlist Cleanup
---------------------------------------------------------------------------------
---------------------------------------------------------------------------------
Finished Final Netlist Cleanup
---------------------------------------------------------------------------------
---------------------------------------------------------------------------------
Finished IO Insertion : Time (s): cpu = 00:04:55 ; elapsed = 00:05:04 . Memory (MB): peak = 955.648 ; gain = 714.266
---------------------------------------------------------------------------------

Report Check Netlist: 
+------+------------------+-------+---------+-------+------------------+
|      |Item              |Errors |Warnings |Status |Description       |
+------+------------------+-------+---------+-------+------------------+
|1     |multi_driven_nets |      0|        0|Passed |Multi driven nets |
+------+------------------+-------+---------+-------+------------------+
---------------------------------------------------------------------------------
Start Renaming Generated Instances
---------------------------------------------------------------------------------
---------------------------------------------------------------------------------
Finished Renaming Generated Instances : Time (s): cpu = 00:04:55 ; elapsed = 00:05:04 . Memory (MB): peak = 955.648 ; gain = 714.266
---------------------------------------------------------------------------------

Report RTL Partitions: 
+-+--------------+------------+----------+
| |RTL Partition |Replication |Instances |
+-+--------------+------------+----------+
+-+--------------+------------+----------+
---------------------------------------------------------------------------------
Start Rebuilding User Hierarchy
---------------------------------------------------------------------------------
---------------------------------------------------------------------------------
Finished Rebuilding User Hierarchy : Time (s): cpu = 00:04:55 ; elapsed = 00:05:05 . Memory (MB): peak = 955.648 ; gain = 714.266
---------------------------------------------------------------------------------
---------------------------------------------------------------------------------
Start Renaming Generated Ports
---------------------------------------------------------------------------------
---------------------------------------------------------------------------------
Finished Renaming Generated Ports : Time (s): cpu = 00:04:55 ; elapsed = 00:05:05 . Memory (MB): peak = 955.648 ; gain = 714.266
---------------------------------------------------------------------------------
---------------------------------------------------------------------------------
Start Handling Custom Attributes
---------------------------------------------------------------------------------
---------------------------------------------------------------------------------
Finished Handling Custom Attributes : Time (s): cpu = 00:04:55 ; elapsed = 00:05:05 . Memory (MB): peak = 955.648 ; gain = 714.266
---------------------------------------------------------------------------------
---------------------------------------------------------------------------------
Start Renaming Generated Nets
---------------------------------------------------------------------------------
---------------------------------------------------------------------------------
Finished Renaming Generated Nets : Time (s): cpu = 00:04:55 ; elapsed = 00:05:05 . Memory (MB): peak = 955.648 ; gain = 714.266
---------------------------------------------------------------------------------
---------------------------------------------------------------------------------
Start Writing Synthesis Report
---------------------------------------------------------------------------------

Report BlackBoxes: 
+-+--------------+----------+
| |BlackBox name |Instances |
+-+--------------+----------+
+-+--------------+----------+

Report Cell Usage: 
+------+-----------+------+
|      |Cell       |Count |
+------+-----------+------+
|1     |BUFG       |     3|
|2     |CARRY4     |    58|
|3     |LUT1       |    15|
|4     |LUT2       |   124|
|5     |LUT3       |   231|
|6     |LUT4       |   139|
|7     |LUT5       |   328|
|8     |LUT6       |  1237|
|9     |MMCME2_ADV |     1|
|10    |MUXF7      |   256|
|11    |MUXF8      |    64|
|12    |RAMB18E1   |     1|
|13    |RAMB18E1_1 |     1|
|14    |RAMB36E1   |     1|
|15    |RAMB36E1_1 |     1|
|16    |RAMB36E1_2 |     1|
|17    |RAMB36E1_3 |    21|
|18    |RAMB36E1_4 |     1|
|19    |RAMB36E1_5 |     1|
|20    |RAMB36E1_6 |     2|
|21    |FDCE       |   123|
|22    |FDRE       |  1028|
|23    |LD         |    30|
|24    |LDC        |     7|
|25    |IBUF       |    26|
|26    |OBUF       |    40|
+------+-----------+------+

Report Instance Areas: 
+------+-------------------------------------------------+-----------------------------------------------+------+
|      |Instance                                         |Module                                         |Cells |
+------+-------------------------------------------------+-----------------------------------------------+------+
|1     |top                                              |                                               |  3740|
|2     |  c                                              |cpuclk                                         |     4|
|3     |    inst                                         |cpuclk_clk_wiz                                 |     4|
|4     |  Idecode32_0                                    |Idecode32                                      |  2212|
|5     |  Ifetc32_0                                      |Ifetc32                                        |  1181|
|6     |    p                                            |prgrom                                         |    48|
|7     |      U0                                         |blk_mem_gen_v8_4_1                             |    48|
|8     |        inst_blk_mem_gen                         |blk_mem_gen_v8_4_1_synth                       |    48|
|9     |          \gnbram.gnativebmg.native_blk_mem_gen  |blk_mem_gen_top                                |    48|
|10    |            \valid.cstr                          |blk_mem_gen_generic_cstr                       |    48|
|11    |              \bindec_a.bindec_inst_a            |bindec_0                                       |     2|
|12    |              \has_mux_a.A                       |blk_mem_gen_mux_1                              |    29|
|13    |              \ramloop[0].ram.r                  |blk_mem_gen_prim_width                         |     1|
|14    |                \prim_init.ram                   |blk_mem_gen_prim_wrapper_init                  |     1|
|15    |              \ramloop[10].ram.r                 |blk_mem_gen_prim_width__parameterized9         |     1|
|16    |                \prim_init.ram                   |blk_mem_gen_prim_wrapper_init__parameterized9  |     1|
|17    |              \ramloop[11].ram.r                 |blk_mem_gen_prim_width__parameterized10        |     1|
|18    |                \prim_init.ram                   |blk_mem_gen_prim_wrapper_init__parameterized10 |     1|
|19    |              \ramloop[12].ram.r                 |blk_mem_gen_prim_width__parameterized11        |     1|
|20    |                \prim_init.ram                   |blk_mem_gen_prim_wrapper_init__parameterized11 |     1|
|21    |              \ramloop[13].ram.r                 |blk_mem_gen_prim_width__parameterized12        |     1|
|22    |                \prim_init.ram                   |blk_mem_gen_prim_wrapper_init__parameterized12 |     1|
|23    |              \ramloop[14].ram.r                 |blk_mem_gen_prim_width__parameterized13        |     1|
|24    |                \prim_init.ram                   |blk_mem_gen_prim_wrapper_init__parameterized13 |     1|
|25    |              \ramloop[1].ram.r                  |blk_mem_gen_prim_width__parameterized0         |     1|
|26    |                \prim_init.ram                   |blk_mem_gen_prim_wrapper_init__parameterized0  |     1|
|27    |              \ramloop[2].ram.r                  |blk_mem_gen_prim_width__parameterized1         |     1|
|28    |                \prim_init.ram                   |blk_mem_gen_prim_wrapper_init__parameterized1  |     1|
|29    |              \ramloop[3].ram.r                  |blk_mem_gen_prim_width__parameterized2         |     1|
|30    |                \prim_init.ram                   |blk_mem_gen_prim_wrapper_init__parameterized2  |     1|
|31    |              \ramloop[4].ram.r                  |blk_mem_gen_prim_width__parameterized3         |     2|
|32    |                \prim_init.ram                   |blk_mem_gen_prim_wrapper_init__parameterized3  |     2|
|33    |              \ramloop[5].ram.r                  |blk_mem_gen_prim_width__parameterized4         |     2|
|34    |                \prim_init.ram                   |blk_mem_gen_prim_wrapper_init__parameterized4  |     2|
|35    |              \ramloop[6].ram.r                  |blk_mem_gen_prim_width__parameterized5         |     1|
|36    |                \prim_init.ram                   |blk_mem_gen_prim_wrapper_init__parameterized5  |     1|
|37    |              \ramloop[7].ram.r                  |blk_mem_gen_prim_width__parameterized6         |     1|
|38    |                \prim_init.ram                   |blk_mem_gen_prim_wrapper_init__parameterized6  |     1|
|39    |              \ramloop[8].ram.r                  |blk_mem_gen_prim_width__parameterized7         |     1|
|40    |                \prim_init.ram                   |blk_mem_gen_prim_wrapper_init__parameterized7  |     1|
|41    |              \ramloop[9].ram.r                  |blk_mem_gen_prim_width__parameterized8         |     1|
|42    |                \prim_init.ram                   |blk_mem_gen_prim_wrapper_init__parameterized8  |     1|
|43    |  dmemory32_0                                    |dmemory32                                      |    48|
|44    |    ram                                          |RAM                                            |    48|
|45    |      U0                                         |blk_mem_gen_v8_4_1__parameterized1             |    48|
|46    |        inst_blk_mem_gen                         |blk_mem_gen_v8_4_1_synth__parameterized0       |    48|
|47    |          \gnbram.gnativebmg.native_blk_mem_gen  |blk_mem_gen_top__parameterized0                |    48|
|48    |            \valid.cstr                          |blk_mem_gen_generic_cstr__parameterized0       |    48|
|49    |              \bindec_a.bindec_inst_a            |bindec                                         |     2|
|50    |              \has_mux_a.A                       |blk_mem_gen_mux                                |    29|
|51    |              \ramloop[0].ram.r                  |blk_mem_gen_prim_width__parameterized14        |     1|
|52    |                \prim_init.ram                   |blk_mem_gen_prim_wrapper_init__parameterized14 |     1|
|53    |              \ramloop[10].ram.r                 |blk_mem_gen_prim_width__parameterized24        |     1|
|54    |                \prim_init.ram                   |blk_mem_gen_prim_wrapper_init__parameterized24 |     1|
|55    |              \ramloop[11].ram.r                 |blk_mem_gen_prim_width__parameterized25        |     1|
|56    |                \prim_init.ram                   |blk_mem_gen_prim_wrapper_init__parameterized25 |     1|
|57    |              \ramloop[12].ram.r                 |blk_mem_gen_prim_width__parameterized26        |     1|
|58    |                \prim_init.ram                   |blk_mem_gen_prim_wrapper_init__parameterized26 |     1|
|59    |              \ramloop[13].ram.r                 |blk_mem_gen_prim_width__parameterized27        |     1|
|60    |                \prim_init.ram                   |blk_mem_gen_prim_wrapper_init__parameterized27 |     1|
|61    |              \ramloop[14].ram.r                 |blk_mem_gen_prim_width__parameterized28        |     1|
|62    |                \prim_init.ram                   |blk_mem_gen_prim_wrapper_init__parameterized28 |     1|
|63    |              \ramloop[1].ram.r                  |blk_mem_gen_prim_width__parameterized15        |     1|
|64    |                \prim_init.ram                   |blk_mem_gen_prim_wrapper_init__parameterized15 |     1|
|65    |              \ramloop[2].ram.r                  |blk_mem_gen_prim_width__parameterized16        |     1|
|66    |                \prim_init.ram                   |blk_mem_gen_prim_wrapper_init__parameterized16 |     1|
|67    |              \ramloop[3].ram.r                  |blk_mem_gen_prim_width__parameterized17        |     1|
|68    |                \prim_init.ram                   |blk_mem_gen_prim_wrapper_init__parameterized17 |     1|
|69    |              \ramloop[4].ram.r                  |blk_mem_gen_prim_width__parameterized18        |     2|
|70    |                \prim_init.ram                   |blk_mem_gen_prim_wrapper_init__parameterized18 |     2|
|71    |              \ramloop[5].ram.r                  |blk_mem_gen_prim_width__parameterized19        |     2|
|72    |                \prim_init.ram                   |blk_mem_gen_prim_wrapper_init__parameterized19 |     2|
|73    |              \ramloop[6].ram.r                  |blk_mem_gen_prim_width__parameterized20        |     1|
|74    |                \prim_init.ram                   |blk_mem_gen_prim_wrapper_init__parameterized20 |     1|
|75    |              \ramloop[7].ram.r                  |blk_mem_gen_prim_width__parameterized21        |     1|
|76    |                \prim_init.ram                   |blk_mem_gen_prim_wrapper_init__parameterized21 |     1|
|77    |              \ramloop[8].ram.r                  |blk_mem_gen_prim_width__parameterized22        |     1|
|78    |                \prim_init.ram                   |blk_mem_gen_prim_wrapper_init__parameterized22 |     1|
|79    |              \ramloop[9].ram.r                  |blk_mem_gen_prim_width__parameterized23        |     1|
|80    |                \prim_init.ram                   |blk_mem_gen_prim_wrapper_init__parameterized23 |     1|
|81    |  leds_0                                         |leds                                           |    24|
|82    |  scan_0                                         |scan                                           |   188|
|83    |  switchs_0                                      |switchs                                        |    16|
+------+-------------------------------------------------+-----------------------------------------------+------+
---------------------------------------------------------------------------------
Finished Writing Synthesis Report : Time (s): cpu = 00:04:55 ; elapsed = 00:05:05 . Memory (MB): peak = 955.648 ; gain = 714.266
---------------------------------------------------------------------------------
Synthesis finished with 0 errors, 0 critical warnings and 460 warnings.
Synthesis Optimization Runtime : Time (s): cpu = 00:01:51 ; elapsed = 00:04:57 . Memory (MB): peak = 955.648 ; gain = 683.500
Synthesis Optimization Complete : Time (s): cpu = 00:04:55 ; elapsed = 00:05:05 . Memory (MB): peak = 955.648 ; gain = 714.266
INFO: [Project 1-571] Translating synthesized netlist
INFO: [Netlist 29-17] Analyzing 472 Unisim elements for replacement
INFO: [Netlist 29-28] Unisim Transformation completed in 0 CPU seconds
INFO: [Project 1-570] Preparing netlist for logic optimization
INFO: [Opt 31-138] Pushed 1 inverter(s) to 30 load pin(s).
INFO: [Project 1-111] Unisim Transformation Summary:
  A total of 37 instances were transformed.
  LD => LDCE: 30 instances
  LDC => LDCE: 7 instances

INFO: [Common 17-83] Releasing license: Synthesis
132 Infos, 122 Warnings, 0 Critical Warnings and 0 Errors encountered.
synth_design completed successfully
synth_design: Time (s): cpu = 00:04:58 ; elapsed = 00:05:09 . Memory (MB): peak = 955.648 ; gain = 725.738
INFO: [Common 17-1381] The checkpoint 'D:/DigitalDesign/top_test/top/top.runs/synth_1/main.dcp' has been generated.
INFO: [runtcl-4] Executing : report_utilization -file main_utilization_synth.rpt -pb main_utilization_synth.pb
report_utilization: Time (s): cpu = 00:00:00 ; elapsed = 00:00:00.047 . Memory (MB): peak = 955.648 ; gain = 0.000
INFO: [Common 17-206] Exiting Vivado at Fri May 21 00:21:52 2021...
