#-----------------------------------------------------------
# Vivado v2017.4 (64-bit)
# SW Build 2086221 on Fri Dec 15 20:55:39 MST 2017
# IP Build 2085800 on Fri Dec 15 22:25:07 MST 2017
# Start of session at: Fri May 21 20:12:04 2021
# Process ID: 17344
# Current directory: G:/Spring 2021/orgnization/proj/SUSTech-CS202-ComputerOrganization-Project/project_uart_update
# Command line: vivado.exe -gui_launcher_event rodinguilauncherevent18472 G:\Spring 2021\orgnization\proj\SUSTech-CS202-ComputerOrganization-Project\project_uart_update\project_uart_update.xpr
# Log file: G:/Spring 2021/orgnization/proj/SUSTech-CS202-ComputerOrganization-Project/project_uart_update/vivado.log
# Journal file: G:/Spring 2021/orgnization/proj/SUSTech-CS202-ComputerOrganization-Project/project_uart_update\vivado.jou
#-----------------------------------------------------------
start_gui
open_project {G:/Spring 2021/orgnization/proj/SUSTech-CS202-ComputerOrganization-Project/project_uart_update/project_uart_update.xpr}
INFO: [ProjectBase 1-489] The host OS only allows 260 characters in a normal path. The project is stored in a path with more than 80 characters. If you experience issues with IP, Block Designs, or files not being found, please consider moving the project to a location with a shorter path. Alternately consider using the OS subst command to map part of the path to a drive letter.
Current project path is 'G:/Spring 2021/orgnization/proj/SUSTech-CS202-ComputerOrganization-Project/project_uart_update'
CRITICAL WARNING: [Project 1-19] Could not find the file 'G:/Spring 2021/orgnization/proj/SUSTech-CS202-ComputerOrganization-Project/top_test/top/top.srcs/sources_1/uart_bmpg_0/uart_bmpg_0.xci'.
Scanning sources...
Finished scanning sources
WARNING: [filemgmt 56-3] IP Repository Path: Could not find the directory 'G:/Spring 2021/orgnization/大二下/computer organization/project/SEU_CSE_507_user_uart_bmpg_1.3'.
INFO: [IP_Flow 19-234] Refreshing IP repositories
WARNING: [IP_Flow 19-2248] Failed to load user IP repository 'g:/Spring 2021/orgnization/大二下/computer organization/project/SEU_CSE_507_user_uart_bmpg_1.3'; Can't find the specified path.
If this directory should no longer be in your list of user repositories, go to the IP Settings dialog and remove it.
INFO: [IP_Flow 19-1700] Loaded user IP repository 'g:/Spring 2021/orgnization/proj/SUSTech-CS202-ComputerOrganization-Project/SEU_CSE_507_user_uart_bmpg_1.3'.
INFO: [IP_Flow 19-2313] Loaded Vivado IP repository 'E:/vivado/vivado_install_here/Vivado/2017.4/data/ip'.
ERROR: [IP_Flow 19-993] Could not find IP file for IP 'uart_bmpg_0'.
CRITICAL WARNING: [IP_Flow 19-5097] Unable to determine VLNV from IP file; verify it has the correct syntax: 
ERROR: [Common 17-39] 'open_project' failed due to earlier errors.
update_compile_order -fileset sources_1
launch_runs impl_1 -jobs 12
[Fri May 21 20:13:00 2021] Launched impl_1...
Run output will be captured here: G:/Spring 2021/orgnization/proj/SUSTech-CS202-ComputerOrganization-Project/project_uart_update/project_uart_update.runs/impl_1/runme.log
reset_run impl_1
exit
INFO: [Common 17-206] Exiting Vivado at Fri May 21 20:19:57 2021...
